<?xml version="1.0" encoding="UTF-8"?>
<!-- Generated by org.testng.reporters.JUnitXMLReporter -->
<testsuite hostname="nik444" failures="0" tests="6" name="test1" time="0.091" errors="0" timestamp="15 Jun 2020 20:25:26 GMT">
  <testcase classname="tests.tests" name="FirstModule" time="0.018"/>
  <testcase classname="tests.tests" name="SecondModule1" time="0.008"/>
  <testcase classname="tests.tests" name="SecondModule2" time="0.013"/>
  <testcase classname="tests.tests" name="SecondModule3" time="0.008"/>
  <testcase classname="tests.tests" name="ThirdModule1" time="0.003"/>
  <testcase classname="tests.tests" name="ThirdModule2" time="0.006"/>
</testsuite> <!-- test1 -->
