<?xml version="1.0" encoding="UTF-8"?>
<testng-results total="6" passed="6" failed="0" skipped="0">
  <reporter-output>
  </reporter-output>
  <suite started-at="2020-06-15T20:25:26Z" name="Suite1" finished-at="2020-06-15T20:25:26Z" duration-ms="145">
    <groups>
    </groups>
    <test started-at="2020-06-15T20:25:26Z" name="test1" finished-at="2020-06-15T20:25:26Z" duration-ms="91">
      <class name="tests.tests">
        <test-method signature="FirstModule(int)[pri:0, instance:tests.tests@4e4aea35]" started-at="2020-06-16T00:25:26Z" name="FirstModule" data-provider="Module1" finished-at="2020-06-16T00:25:26Z" duration-ms="18" status="PASS">
          <params>
            <param index="0">
              <value>
                <![CDATA[-10]]>
              </value>
            </param>
          </params>
          <reporter-output>
          </reporter-output>
        </test-method> <!-- FirstModule -->
        <test-method signature="SecondModule1(int, int)[pri:0, instance:tests.tests@4e4aea35]" started-at="2020-06-16T00:25:26Z" name="SecondModule1" data-provider="Module2.1" finished-at="2020-06-16T00:25:26Z" duration-ms="8" status="PASS">
          <params>
            <param index="0">
              <value>
                <![CDATA[-20]]>
              </value>
            </param>
            <param index="1">
              <value>
                <![CDATA[10]]>
              </value>
            </param>
          </params>
          <reporter-output>
          </reporter-output>
        </test-method> <!-- SecondModule1 -->
        <test-method signature="SecondModule2(int)[pri:0, instance:tests.tests@4e4aea35]" started-at="2020-06-16T00:25:26Z" name="SecondModule2" data-provider="Module2.2" finished-at="2020-06-16T00:25:26Z" duration-ms="13" status="PASS">
          <params>
            <param index="0">
              <value>
                <![CDATA[585626307]]>
              </value>
            </param>
          </params>
          <reporter-output>
          </reporter-output>
        </test-method> <!-- SecondModule2 -->
        <test-method signature="SecondModule3(int)[pri:0, instance:tests.tests@4e4aea35]" started-at="2020-06-16T00:25:26Z" name="SecondModule3" data-provider="Module2.3" finished-at="2020-06-16T00:25:26Z" duration-ms="8" status="PASS">
          <params>
            <param index="0">
              <value>
                <![CDATA[-219330949]]>
              </value>
            </param>
          </params>
          <reporter-output>
          </reporter-output>
        </test-method> <!-- SecondModule3 -->
        <test-method signature="ThirdModule1(int, int, int)[pri:0, instance:tests.tests@4e4aea35]" started-at="2020-06-16T00:25:26Z" name="ThirdModule1" data-provider="Module3" finished-at="2020-06-16T00:25:26Z" duration-ms="3" status="PASS">
          <params>
            <param index="0">
              <value>
                <![CDATA[20]]>
              </value>
            </param>
            <param index="1">
              <value>
                <![CDATA[10]]>
              </value>
            </param>
            <param index="2">
              <value>
                <![CDATA[2]]>
              </value>
            </param>
          </params>
          <reporter-output>
          </reporter-output>
        </test-method> <!-- ThirdModule1 -->
        <test-method signature="ThirdModule2(int)[pri:0, instance:tests.tests@4e4aea35]" started-at="2020-06-16T00:25:26Z" name="ThirdModule2" data-provider="Module1" finished-at="2020-06-16T00:25:26Z" duration-ms="6" status="PASS">
          <params>
            <param index="0">
              <value>
                <![CDATA[-10]]>
              </value>
            </param>
          </params>
          <reporter-output>
          </reporter-output>
        </test-method> <!-- ThirdModule2 -->
      </class> <!-- tests.tests -->
    </test> <!-- test1 -->
    <test started-at="2020-06-15T20:25:26Z" name="test2" finished-at="2020-06-15T20:25:26Z" duration-ms="0">
    </test> <!-- test2 -->
  </suite> <!-- Suite1 -->
</testng-results>
