<?xml version="1.0" encoding="UTF-8"?>
<testng-results total="7" passed="7" failed="0" skipped="0">
  <reporter-output>
  </reporter-output>
  <suite started-at="2020-06-16T06:53:03Z" name="Suite1" finished-at="2020-06-16T06:53:03Z" duration-ms="137">
    <groups>
    </groups>
    <test started-at="2020-06-16T06:53:03Z" name="test1" finished-at="2020-06-16T06:53:03Z" duration-ms="80">
      <class name="tests.tests">
        <test-method signature="FirstModule(int)[pri:0, instance:tests.tests@1efee8e7]" started-at="2020-06-16T10:53:03Z" name="FirstModule" data-provider="Module1" finished-at="2020-06-16T10:53:03Z" duration-ms="14" status="PASS">
          <params>
            <param index="0">
              <value>
                <![CDATA[-10]]>
              </value>
            </param>
          </params>
          <reporter-output>
          </reporter-output>
        </test-method> <!-- FirstModule -->
        <test-method signature="FourthModule1(double)[pri:0, instance:tests.tests@1efee8e7]" started-at="2020-06-16T10:53:03Z" name="FourthModule1" data-provider="Module4" finished-at="2020-06-16T10:53:03Z" duration-ms="5" status="PASS">
          <params>
            <param index="0">
              <value>
                <![CDATA[-5.0]]>
              </value>
            </param>
          </params>
          <reporter-output>
          </reporter-output>
        </test-method> <!-- FourthModule1 -->
        <test-method signature="SecondModule1(int, int)[pri:0, instance:tests.tests@1efee8e7]" started-at="2020-06-16T10:53:03Z" name="SecondModule1" data-provider="Module2.1" finished-at="2020-06-16T10:53:03Z" duration-ms="11" status="PASS">
          <params>
            <param index="0">
              <value>
                <![CDATA[-20]]>
              </value>
            </param>
            <param index="1">
              <value>
                <![CDATA[10]]>
              </value>
            </param>
          </params>
          <reporter-output>
          </reporter-output>
        </test-method> <!-- SecondModule1 -->
        <test-method signature="SecondModule2(int)[pri:0, instance:tests.tests@1efee8e7]" started-at="2020-06-16T10:53:03Z" name="SecondModule2" data-provider="Module2.2" finished-at="2020-06-16T10:53:03Z" duration-ms="2" status="PASS">
          <params>
            <param index="0">
              <value>
                <![CDATA[661606655]]>
              </value>
            </param>
          </params>
          <reporter-output>
          </reporter-output>
        </test-method> <!-- SecondModule2 -->
        <test-method signature="SecondModule3(int)[pri:0, instance:tests.tests@1efee8e7]" started-at="2020-06-16T10:53:03Z" name="SecondModule3" data-provider="Module2.3" finished-at="2020-06-16T10:53:03Z" duration-ms="5" status="PASS">
          <params>
            <param index="0">
              <value>
                <![CDATA[-1291846911]]>
              </value>
            </param>
          </params>
          <reporter-output>
          </reporter-output>
        </test-method> <!-- SecondModule3 -->
        <test-method signature="ThirdModule1(int, int, int)[pri:0, instance:tests.tests@1efee8e7]" started-at="2020-06-16T10:53:03Z" name="ThirdModule1" data-provider="Module3" finished-at="2020-06-16T10:53:03Z" duration-ms="2" status="PASS">
          <params>
            <param index="0">
              <value>
                <![CDATA[20]]>
              </value>
            </param>
            <param index="1">
              <value>
                <![CDATA[10]]>
              </value>
            </param>
            <param index="2">
              <value>
                <![CDATA[2]]>
              </value>
            </param>
          </params>
          <reporter-output>
          </reporter-output>
        </test-method> <!-- ThirdModule1 -->
        <test-method signature="ThirdModule2(int)[pri:0, instance:tests.tests@1efee8e7]" started-at="2020-06-16T10:53:03Z" name="ThirdModule2" data-provider="Module1" finished-at="2020-06-16T10:53:03Z" duration-ms="2" status="PASS">
          <params>
            <param index="0">
              <value>
                <![CDATA[-10]]>
              </value>
            </param>
          </params>
          <reporter-output>
          </reporter-output>
        </test-method> <!-- ThirdModule2 -->
      </class> <!-- tests.tests -->
    </test> <!-- test1 -->
    <test started-at="2020-06-16T06:53:03Z" name="test2" finished-at="2020-06-16T06:53:03Z" duration-ms="0">
    </test> <!-- test2 -->
  </suite> <!-- Suite1 -->
</testng-results>
